02/20 08:30:25 AM - INFO - Epoch [1/100], Loss: 32.1546, DSC: 0.2455
02/20 08:30:56 AM - INFO - Epoch [2/100], Loss: -434.4341, DSC: 0.2400
02/20 08:31:23 AM - INFO - Epoch [3/100], Loss: -10414.0354, DSC: 0.2365
02/20 08:31:50 AM - INFO - Epoch [4/100], Loss: -179562.5859, DSC: 0.2294
02/20 08:32:17 AM - INFO - Epoch [5/100], Loss: -2456967.2500, DSC: 0.2315
02/20 08:32:45 AM - INFO - Epoch [6/100], Loss: -2261206313675.5000, DSC: 0.2314
02/20 08:33:12 AM - INFO - Epoch [7/100], Loss: -46832699834368.0000, DSC: 0.2304
02/20 08:33:41 AM - INFO - Epoch [8/100], Loss: -5173993465276.0000, DSC: 0.2331
02/20 08:34:08 AM - INFO - Epoch [9/100], Loss: -24223914917888.0000, DSC: 0.2327
02/20 08:34:35 AM - INFO - Epoch [10/100], Loss: -41446879526912.0000, DSC: 0.2331
02/20 08:35:03 AM - INFO - Epoch [11/100], Loss: -11374439301120.0000, DSC: 0.2335
02/20 08:35:30 AM - INFO - Epoch [12/100], Loss: -38721705872550.0000, DSC: 0.2350
02/20 08:35:57 AM - INFO - Epoch [13/100], Loss: -42094701838336.0000, DSC: 0.2373
02/20 08:36:25 AM - INFO - Epoch [14/100], Loss: -20010631168000.0000, DSC: 0.2390
02/20 06:41:16 PM - INFO - Epoch [1/10], Loss: -668022055782421528313856.0000, DSC: 0.0141
02/20 06:55:43 PM - INFO - Epoch [1/10], Loss: -1318304589086258525896704.0000, DSC: 0.2228
02/20 06:57:43 PM - INFO - Epoch [2/10], Loss: nan, DSC: nan
02/20 06:59:37 PM - INFO - Epoch [3/10], Loss: nan, DSC: nan
02/20 07:01:32 PM - INFO - Epoch [4/10], Loss: nan, DSC: nan
02/20 07:03:27 PM - INFO - Epoch [5/10], Loss: nan, DSC: nan
02/20 07:05:21 PM - INFO - Epoch [6/10], Loss: nan, DSC: nan
02/20 07:10:46 PM - INFO - Epoch [1/10], Loss: -5194398422993935041298432.0000, DSC: 0.4892
02/20 07:12:48 PM - INFO - Epoch [2/10], Loss: nan, DSC: nan
02/20 07:15:18 PM - INFO - Epoch [1/10], Loss: -274401108121542463586304.0000, DSC: 0.5616
02/20 07:19:14 PM - INFO - Epoch [1/10], Loss: nan, DSC: nan
02/20 07:23:34 PM - INFO - Epoch [1/10], Loss: nan, DSC: nan
02/20 07:42:51 PM - INFO - Epoch [1/10], Loss: nan, DSC: 0.0000
02/20 07:50:39 PM - INFO - Epoch [1/10], Loss: -7610569802832514383872.0000, DSC: 0.2248
02/20 07:51:55 PM - INFO - Epoch [2/10], Loss: -58198662348244523155456.0000, DSC: 0.2248
02/20 07:53:43 PM - INFO - Epoch [1/100], Loss: -12272038138339362078720.0000, DSC: 0.2248
02/20 07:54:58 PM - INFO - Epoch [2/100], Loss: -64838286082421779595264.0000, DSC: 0.2248
02/20 07:56:09 PM - INFO - Epoch [3/100], Loss: -64430371890863766765568.0000, DSC: 0.2248
02/20 07:57:19 PM - INFO - Epoch [4/100], Loss: -64925317318387970342912.0000, DSC: 0.2248
02/20 07:58:30 PM - INFO - Epoch [5/100], Loss: -64865546370966253207552.0000, DSC: 0.2248
02/20 07:59:41 PM - INFO - Epoch [6/100], Loss: -64752806934661543493632.0000, DSC: 0.2248
02/20 08:00:58 PM - INFO - Epoch [7/100], Loss: -64884411597961587326976.0000, DSC: 0.2248
02/20 08:02:09 PM - INFO - Epoch [8/100], Loss: -64895082068038083674112.0000, DSC: 0.2248
02/20 08:03:20 PM - INFO - Epoch [9/100], Loss: -64950732256985128894464.0000, DSC: 0.2248
02/20 08:04:30 PM - INFO - Epoch [10/100], Loss: -64755084155184062922752.0000, DSC: 0.2248
02/20 08:05:41 PM - INFO - Epoch [11/100], Loss: -64912080025222291390464.0000, DSC: 0.2248
02/20 08:06:52 PM - INFO - Epoch [12/100], Loss: -64944944216670283497472.0000, DSC: 0.2248
02/20 08:08:02 PM - INFO - Epoch [13/100], Loss: -64648727920440267243520.0000, DSC: 0.2248
02/20 08:09:12 PM - INFO - Epoch [14/100], Loss: -64166141331266730983424.0000, DSC: 0.2248
02/20 08:10:23 PM - INFO - Epoch [15/100], Loss: -64886467561560226136064.0000, DSC: 0.2248
02/20 08:11:34 PM - INFO - Epoch [16/100], Loss: -64867239706833958469632.0000, DSC: 0.2248
02/20 08:12:44 PM - INFO - Epoch [17/100], Loss: -64908790321616357687296.0000, DSC: 0.2248
02/20 08:13:55 PM - INFO - Epoch [18/100], Loss: -64905005116498296963072.0000, DSC: 0.2248
02/20 08:15:06 PM - INFO - Epoch [19/100], Loss: -64597242109793191067648.0000, DSC: 0.2248
02/20 08:16:16 PM - INFO - Epoch [20/100], Loss: -64916729903876621205504.0000, DSC: 0.2248
02/20 08:17:27 PM - INFO - Epoch [21/100], Loss: -64684364776748301156352.0000, DSC: 0.2248
02/20 08:18:37 PM - INFO - Epoch [22/100], Loss: -64958884212115320602624.0000, DSC: 0.2248
02/20 08:19:47 PM - INFO - Epoch [23/100], Loss: -64892262797079163699200.0000, DSC: 0.2248
02/20 08:20:57 PM - INFO - Epoch [24/100], Loss: -64979233340003501211648.0000, DSC: 0.2248
02/20 08:52:30 PM - INFO - Epoch [1/100], Loss: 7751.6578, DSC: 0.0386
02/20 08:53:31 PM - INFO - Epoch [2/100], Loss: 7648.9117, DSC: 0.0230
02/20 08:54:28 PM - INFO - Epoch [3/100], Loss: 7589.0985, DSC: 0.0207
02/20 08:55:25 PM - INFO - Epoch [4/100], Loss: 7597.8041, DSC: 0.1014
02/20 08:56:26 PM - INFO - Epoch [5/100], Loss: 7635.4980, DSC: 0.0120
02/20 08:57:24 PM - INFO - Epoch [6/100], Loss: 7588.2735, DSC: 0.1394
02/20 08:58:25 PM - INFO - Epoch [7/100], Loss: 7610.1556, DSC: 0.0508
02/20 08:59:22 PM - INFO - Epoch [8/100], Loss: 7597.5665, DSC: 0.0469
02/20 09:00:19 PM - INFO - Epoch [9/100], Loss: 7617.7531, DSC: 0.0865
02/20 09:01:17 PM - INFO - Epoch [10/100], Loss: 7600.0004, DSC: 0.0233
02/20 09:02:15 PM - INFO - Epoch [11/100], Loss: 7582.7957, DSC: 0.0144
02/20 09:03:12 PM - INFO - Epoch [12/100], Loss: 7594.8120, DSC: 0.0268
02/20 09:04:09 PM - INFO - Epoch [13/100], Loss: 7628.7620, DSC: 0.0794
02/20 09:05:08 PM - INFO - Epoch [14/100], Loss: 7607.4948, DSC: 0.0609
02/20 09:06:05 PM - INFO - Epoch [15/100], Loss: 7637.9762, DSC: 0.0943
02/20 09:07:03 PM - INFO - Epoch [16/100], Loss: 7629.9460, DSC: 0.0222
02/20 09:08:01 PM - INFO - Epoch [17/100], Loss: 7627.0055, DSC: 0.0068
02/20 09:08:58 PM - INFO - Epoch [18/100], Loss: 7630.0230, DSC: 0.0119
02/20 09:15:45 PM - INFO - Epoch [1/100], Loss: 7763.7885, DSC: 0.1539
02/20 09:16:47 PM - INFO - Epoch [2/100], Loss: 7650.2464, DSC: 0.0634
02/20 09:17:45 PM - INFO - Epoch [3/100], Loss: 7654.0780, DSC: 0.0484
02/20 09:18:43 PM - INFO - Epoch [4/100], Loss: 7647.7315, DSC: 0.0295
02/20 09:19:40 PM - INFO - Epoch [5/100], Loss: 7674.5947, DSC: 0.0048
02/20 09:20:38 PM - INFO - Epoch [6/100], Loss: 7668.2959, DSC: 0.0356
02/20 09:21:35 PM - INFO - Epoch [7/100], Loss: 7650.9407, DSC: 0.0507
02/20 09:22:33 PM - INFO - Epoch [8/100], Loss: 7623.7635, DSC: 0.1080
02/20 09:23:31 PM - INFO - Epoch [9/100], Loss: 7645.6076, DSC: 0.0504
02/20 09:24:29 PM - INFO - Epoch [10/100], Loss: 7660.0476, DSC: 0.0620
02/20 09:25:26 PM - INFO - Epoch [11/100], Loss: 7659.8769, DSC: 0.0139
02/20 09:26:23 PM - INFO - Epoch [12/100], Loss: 7654.6791, DSC: 0.0373
02/20 09:27:20 PM - INFO - Epoch [13/100], Loss: 7664.1276, DSC: 0.0409
02/20 09:28:18 PM - INFO - Epoch [14/100], Loss: 7688.3754, DSC: 0.0279
02/20 09:29:16 PM - INFO - Epoch [15/100], Loss: 7691.1831, DSC: 0.0631
02/20 09:30:15 PM - INFO - Epoch [16/100], Loss: 7696.8539, DSC: 0.0163
02/20 09:31:13 PM - INFO - Epoch [17/100], Loss: 7704.3433, DSC: 0.0135
02/20 09:32:10 PM - INFO - Epoch [18/100], Loss: 7698.6411, DSC: 0.0321
02/20 09:33:08 PM - INFO - Epoch [19/100], Loss: 7699.6277, DSC: 0.0196
02/20 09:34:06 PM - INFO - Epoch [20/100], Loss: 7702.2030, DSC: 0.0564
02/20 09:35:03 PM - INFO - Epoch [21/100], Loss: 7708.1536, DSC: 0.0176
02/20 09:36:01 PM - INFO - Epoch [22/100], Loss: 7683.8464, DSC: 0.0166
02/20 09:36:59 PM - INFO - Epoch [23/100], Loss: 7707.1367, DSC: 0.0045
02/20 09:37:56 PM - INFO - Epoch [24/100], Loss: 7701.9350, DSC: 0.0027
02/20 09:38:54 PM - INFO - Epoch [25/100], Loss: 7710.5039, DSC: 0.0020
02/20 09:39:51 PM - INFO - Epoch [26/100], Loss: 7704.7493, DSC: 0.0064
02/20 09:40:49 PM - INFO - Epoch [27/100], Loss: 7748.9272, DSC: 0.0054
02/20 09:41:47 PM - INFO - Epoch [28/100], Loss: 7740.3074, DSC: 0.0204
02/20 09:42:44 PM - INFO - Epoch [29/100], Loss: 7742.8774, DSC: 0.0190
02/20 09:43:42 PM - INFO - Epoch [30/100], Loss: 7734.3757, DSC: 0.0019
02/20 09:44:40 PM - INFO - Epoch [31/100], Loss: 7744.7232, DSC: 0.0104
02/20 09:45:38 PM - INFO - Epoch [32/100], Loss: 7745.6001, DSC: 0.0261
02/20 09:46:35 PM - INFO - Epoch [33/100], Loss: 7743.5761, DSC: 0.0085
02/20 09:47:32 PM - INFO - Epoch [34/100], Loss: 7755.5339, DSC: 0.0026
02/20 09:48:30 PM - INFO - Epoch [35/100], Loss: 7749.5668, DSC: 0.0074
02/20 09:49:35 PM - INFO - Epoch [36/100], Loss: 7721.3227, DSC: 0.0074
02/20 09:50:32 PM - INFO - Epoch [37/100], Loss: 7742.4880, DSC: 0.0006
02/20 09:51:31 PM - INFO - Epoch [38/100], Loss: 7723.3134, DSC: 0.0027
02/20 09:52:28 PM - INFO - Epoch [39/100], Loss: 7709.4272, DSC: 0.0137
02/20 09:53:27 PM - INFO - Epoch [40/100], Loss: 7734.4063, DSC: 0.0047
02/20 09:54:24 PM - INFO - Epoch [41/100], Loss: 7737.0445, DSC: 0.0301
02/20 09:55:22 PM - INFO - Epoch [42/100], Loss: 7742.6594, DSC: 0.0047
02/20 09:56:20 PM - INFO - Epoch [43/100], Loss: 7726.8569, DSC: 0.0026
02/20 09:57:18 PM - INFO - Epoch [44/100], Loss: 7741.7210, DSC: 0.0006
02/20 09:58:16 PM - INFO - Epoch [45/100], Loss: 7732.8730, DSC: 0.0021
02/20 09:59:13 PM - INFO - Epoch [46/100], Loss: 7691.7698, DSC: 0.0009
02/20 10:00:19 PM - INFO - Epoch [47/100], Loss: 7720.5981, DSC: 0.0011
02/20 10:01:16 PM - INFO - Epoch [48/100], Loss: 7701.7414, DSC: 0.0008
02/20 10:02:14 PM - INFO - Epoch [49/100], Loss: 7733.2177, DSC: 0.0005
02/20 10:03:12 PM - INFO - Epoch [50/100], Loss: 7729.2895, DSC: 0.0028
02/20 10:04:09 PM - INFO - Epoch [51/100], Loss: 7736.4066, DSC: 0.0002
02/20 10:05:07 PM - INFO - Epoch [52/100], Loss: 7701.4871, DSC: 0.0086
02/20 10:06:05 PM - INFO - Epoch [53/100], Loss: 7753.8108, DSC: 0.0008
02/20 10:07:02 PM - INFO - Epoch [54/100], Loss: 7685.4495, DSC: 0.0005
02/20 10:08:00 PM - INFO - Epoch [55/100], Loss: 7718.3591, DSC: 0.0001
02/20 10:08:57 PM - INFO - Epoch [56/100], Loss: 7693.8811, DSC: 0.0011
02/20 10:09:54 PM - INFO - Epoch [57/100], Loss: 7730.2057, DSC: 0.0238
02/20 10:10:52 PM - INFO - Epoch [58/100], Loss: 7739.8587, DSC: 0.0004
02/20 10:11:49 PM - INFO - Epoch [59/100], Loss: 7736.3882, DSC: 0.0003
02/20 10:12:47 PM - INFO - Epoch [60/100], Loss: 7705.6148, DSC: 0.0003
02/20 10:13:45 PM - INFO - Epoch [61/100], Loss: 7715.8709, DSC: 0.0009
02/20 10:14:42 PM - INFO - Epoch [62/100], Loss: 7723.7356, DSC: 0.0010
02/20 10:15:40 PM - INFO - Epoch [63/100], Loss: 7709.8660, DSC: 0.0013
02/20 10:16:38 PM - INFO - Epoch [64/100], Loss: 7684.0581, DSC: 0.0021
02/20 10:17:35 PM - INFO - Epoch [65/100], Loss: 7713.4388, DSC: 0.0019
02/20 10:18:33 PM - INFO - Epoch [66/100], Loss: 7719.6820, DSC: 0.0005
02/20 10:19:30 PM - INFO - Epoch [67/100], Loss: 7745.6777, DSC: 0.0001
02/20 10:20:28 PM - INFO - Epoch [68/100], Loss: 7708.0353, DSC: 0.0033
02/20 10:21:26 PM - INFO - Epoch [69/100], Loss: 7680.3066, DSC: 0.0100
02/20 10:22:24 PM - INFO - Epoch [70/100], Loss: 7700.1962, DSC: 0.0025
02/20 10:23:21 PM - INFO - Epoch [71/100], Loss: 7731.4872, DSC: 0.0032
02/20 10:24:19 PM - INFO - Epoch [72/100], Loss: 7722.1033, DSC: 0.0024
02/20 10:25:17 PM - INFO - Epoch [73/100], Loss: 7680.6084, DSC: 0.0009
02/20 10:26:15 PM - INFO - Epoch [74/100], Loss: 7693.4347, DSC: 0.0004
02/20 10:27:12 PM - INFO - Epoch [75/100], Loss: 7732.6991, DSC: 0.0062
02/20 10:28:10 PM - INFO - Epoch [76/100], Loss: 7667.9674, DSC: 0.0015
02/20 10:29:08 PM - INFO - Epoch [77/100], Loss: 7683.3993, DSC: 0.0008
02/20 10:30:09 PM - INFO - Epoch [78/100], Loss: 7693.7888, DSC: 0.0020
02/20 10:31:07 PM - INFO - Epoch [79/100], Loss: 7700.6845, DSC: 0.0003
02/20 10:32:04 PM - INFO - Epoch [80/100], Loss: 7709.1104, DSC: 0.0020
02/20 10:33:02 PM - INFO - Epoch [81/100], Loss: 7701.7891, DSC: 0.0004
02/20 10:34:00 PM - INFO - Epoch [82/100], Loss: 7701.2420, DSC: 0.0005
02/20 10:34:58 PM - INFO - Epoch [83/100], Loss: 7715.8005, DSC: 0.0007
02/20 10:35:55 PM - INFO - Epoch [84/100], Loss: 7698.6837, DSC: 0.0010
02/20 10:36:53 PM - INFO - Epoch [85/100], Loss: 7716.3723, DSC: 0.0001
02/20 10:37:51 PM - INFO - Epoch [86/100], Loss: 7711.8965, DSC: 0.0002
02/20 10:38:48 PM - INFO - Epoch [87/100], Loss: 7704.5365, DSC: 0.0002
02/20 10:39:45 PM - INFO - Epoch [88/100], Loss: 7702.9104, DSC: 0.0004
02/20 10:40:43 PM - INFO - Epoch [89/100], Loss: 7703.2686, DSC: 0.0002
02/20 10:41:41 PM - INFO - Epoch [90/100], Loss: 7668.9702, DSC: 0.0004
02/20 10:42:39 PM - INFO - Epoch [91/100], Loss: 7686.8176, DSC: 0.0006
02/20 10:43:36 PM - INFO - Epoch [92/100], Loss: 7688.3192, DSC: 0.0027
02/20 10:44:34 PM - INFO - Epoch [93/100], Loss: 7689.8022, DSC: 0.0037
02/20 10:45:32 PM - INFO - Epoch [94/100], Loss: 7700.7801, DSC: 0.0026
02/20 10:46:30 PM - INFO - Epoch [95/100], Loss: 7678.7813, DSC: 0.0003
02/20 10:47:28 PM - INFO - Epoch [96/100], Loss: 7692.4305, DSC: 0.0010
02/20 10:48:26 PM - INFO - Epoch [97/100], Loss: 7673.8623, DSC: 0.0000
02/20 10:49:31 PM - INFO - Epoch [98/100], Loss: 7689.2847, DSC: 0.0005
02/20 10:50:28 PM - INFO - Epoch [99/100], Loss: 7698.2796, DSC: 0.0002
02/20 10:51:26 PM - INFO - Epoch [100/100], Loss: 7686.7450, DSC: 0.0001
02/20 10:51:30 PM - INFO - Training complete!
02/23 07:18:12 PM - INFO - Epoch [1/100], Loss: 765.9472, DSC: 0.0354
02/23 07:18:30 PM - INFO - Epoch [2/100], Loss: 762.9947, DSC: 0.0165
02/23 07:18:44 PM - INFO - Epoch [3/100], Loss: 756.9960, DSC: 0.0363
02/23 07:19:02 PM - INFO - Epoch [4/100], Loss: 753.4010, DSC: 0.0266
02/23 07:19:16 PM - INFO - Epoch [5/100], Loss: 749.1031, DSC: 0.0188
02/23 07:19:30 PM - INFO - Epoch [6/100], Loss: 746.1667, DSC: 0.0401
02/23 07:19:47 PM - INFO - Epoch [7/100], Loss: 749.0305, DSC: 0.0168
02/23 07:20:01 PM - INFO - Epoch [8/100], Loss: 742.6241, DSC: 0.0115
02/23 07:20:15 PM - INFO - Epoch [9/100], Loss: 741.1651, DSC: 0.0224
02/23 07:20:29 PM - INFO - Epoch [10/100], Loss: 744.2922, DSC: 0.0200
02/23 07:20:43 PM - INFO - Epoch [11/100], Loss: 744.2023, DSC: 0.0098
02/23 07:20:57 PM - INFO - Epoch [12/100], Loss: 744.3704, DSC: 0.0149
02/23 07:21:11 PM - INFO - Epoch [13/100], Loss: 746.4934, DSC: 0.0165
02/23 07:21:25 PM - INFO - Epoch [14/100], Loss: 741.2960, DSC: 0.0344
02/23 07:21:39 PM - INFO - Epoch [15/100], Loss: 738.7972, DSC: 0.0122
02/23 07:21:53 PM - INFO - Epoch [16/100], Loss: 741.7068, DSC: 0.0103
02/23 07:22:07 PM - INFO - Epoch [17/100], Loss: 735.0236, DSC: 0.0176
02/23 07:22:21 PM - INFO - Epoch [18/100], Loss: 736.4203, DSC: 0.0191
02/23 07:22:35 PM - INFO - Epoch [19/100], Loss: 743.7954, DSC: 0.0225
02/23 07:22:49 PM - INFO - Epoch [20/100], Loss: 744.0006, DSC: 0.0149
02/23 07:23:03 PM - INFO - Epoch [21/100], Loss: 734.3928, DSC: 0.0471
02/23 07:23:21 PM - INFO - Epoch [22/100], Loss: 735.7319, DSC: 0.0082
02/23 07:23:35 PM - INFO - Epoch [23/100], Loss: 731.2596, DSC: 0.0174
02/23 07:23:49 PM - INFO - Epoch [24/100], Loss: 735.1677, DSC: 0.0144
02/23 07:24:03 PM - INFO - Epoch [25/100], Loss: 743.0572, DSC: 0.0168
02/23 07:24:17 PM - INFO - Epoch [26/100], Loss: 734.5051, DSC: 0.0258
02/23 07:24:31 PM - INFO - Epoch [27/100], Loss: 738.8580, DSC: 0.0203
02/23 07:24:45 PM - INFO - Epoch [28/100], Loss: 737.0153, DSC: 0.0159
02/23 07:24:59 PM - INFO - Epoch [29/100], Loss: 736.4736, DSC: 0.0242
02/23 07:25:14 PM - INFO - Epoch [30/100], Loss: 735.9636, DSC: 0.0194
02/23 07:25:28 PM - INFO - Epoch [31/100], Loss: 734.8975, DSC: 0.0365
02/23 07:25:42 PM - INFO - Epoch [32/100], Loss: 735.0554, DSC: 0.0117
02/23 07:25:56 PM - INFO - Epoch [33/100], Loss: 732.8875, DSC: 0.0250
02/23 07:26:10 PM - INFO - Epoch [34/100], Loss: 733.2589, DSC: 0.0154
02/23 07:26:24 PM - INFO - Epoch [35/100], Loss: 735.8020, DSC: 0.0196
02/23 07:26:38 PM - INFO - Epoch [36/100], Loss: 735.3368, DSC: 0.0393
02/23 07:26:52 PM - INFO - Epoch [37/100], Loss: 736.7087, DSC: 0.0366
02/23 07:27:06 PM - INFO - Epoch [38/100], Loss: 733.5710, DSC: 0.0109
02/23 07:27:20 PM - INFO - Epoch [39/100], Loss: 731.7556, DSC: 0.0228
02/23 07:27:34 PM - INFO - Epoch [40/100], Loss: 728.3878, DSC: 0.0114
02/23 07:27:48 PM - INFO - Epoch [41/100], Loss: 736.2504, DSC: 0.0095
02/23 07:28:02 PM - INFO - Epoch [42/100], Loss: 737.3328, DSC: 0.0125
02/23 07:28:16 PM - INFO - Epoch [43/100], Loss: 730.8843, DSC: 0.0111
02/23 07:28:30 PM - INFO - Epoch [44/100], Loss: 737.6501, DSC: 0.0093
02/23 07:28:44 PM - INFO - Epoch [45/100], Loss: 733.4441, DSC: 0.0069
02/23 07:28:58 PM - INFO - Epoch [46/100], Loss: 731.2462, DSC: 0.0076
02/23 07:29:12 PM - INFO - Epoch [47/100], Loss: 734.7960, DSC: 0.0135
02/23 07:29:27 PM - INFO - Epoch [48/100], Loss: 733.5352, DSC: 0.0168
02/23 07:29:41 PM - INFO - Epoch [49/100], Loss: 734.1394, DSC: 0.0092
02/23 07:29:55 PM - INFO - Epoch [50/100], Loss: 736.1209, DSC: 0.0076
02/23 07:30:11 PM - INFO - Epoch [51/100], Loss: 734.8762, DSC: 0.0111
02/23 07:30:25 PM - INFO - Epoch [52/100], Loss: 734.4438, DSC: 0.0092
02/23 07:30:39 PM - INFO - Epoch [53/100], Loss: 735.8896, DSC: 0.0139
02/23 07:30:53 PM - INFO - Epoch [54/100], Loss: 732.0454, DSC: 0.0183
02/23 07:31:07 PM - INFO - Epoch [55/100], Loss: 736.1785, DSC: 0.0115
02/23 07:31:21 PM - INFO - Epoch [56/100], Loss: 739.9255, DSC: 0.0082
02/23 07:31:35 PM - INFO - Epoch [57/100], Loss: 735.3659, DSC: 0.0120
02/23 07:31:49 PM - INFO - Epoch [58/100], Loss: 727.2923, DSC: 0.0337
02/23 07:32:03 PM - INFO - Epoch [59/100], Loss: 737.7501, DSC: 0.0204
02/23 07:32:17 PM - INFO - Epoch [60/100], Loss: 736.1020, DSC: 0.0242
02/23 07:32:31 PM - INFO - Epoch [61/100], Loss: 739.4165, DSC: 0.0154
02/23 07:32:45 PM - INFO - Epoch [62/100], Loss: 732.6256, DSC: 0.0110
02/23 07:32:59 PM - INFO - Epoch [63/100], Loss: 735.9441, DSC: 0.0147
02/23 07:33:13 PM - INFO - Epoch [64/100], Loss: 735.2862, DSC: 0.0119
02/23 07:33:27 PM - INFO - Epoch [65/100], Loss: 735.7652, DSC: 0.0134
02/23 07:33:48 PM - INFO - Epoch [66/100], Loss: 732.3663, DSC: 0.0086
02/23 07:34:02 PM - INFO - Epoch [67/100], Loss: 735.2168, DSC: 0.0147
02/23 07:34:16 PM - INFO - Epoch [68/100], Loss: 732.4361, DSC: 0.0112
02/23 07:34:30 PM - INFO - Epoch [69/100], Loss: 731.5645, DSC: 0.0118
02/23 07:34:44 PM - INFO - Epoch [70/100], Loss: 734.4765, DSC: 0.0116
02/23 07:34:58 PM - INFO - Epoch [71/100], Loss: 740.6448, DSC: 0.0219
02/23 07:35:12 PM - INFO - Epoch [72/100], Loss: 733.4007, DSC: 0.0163
02/23 07:35:26 PM - INFO - Epoch [73/100], Loss: 734.4357, DSC: 0.0112
02/23 07:35:40 PM - INFO - Epoch [74/100], Loss: 733.3130, DSC: 0.0089
02/23 07:35:54 PM - INFO - Epoch [75/100], Loss: 737.4262, DSC: 0.0109
02/23 07:36:08 PM - INFO - Epoch [76/100], Loss: 734.0866, DSC: 0.0113
02/23 07:36:22 PM - INFO - Epoch [77/100], Loss: 737.9109, DSC: 0.0105
02/23 07:36:36 PM - INFO - Epoch [78/100], Loss: 738.8243, DSC: 0.0099
02/23 07:36:50 PM - INFO - Epoch [79/100], Loss: 733.5365, DSC: 0.0101
02/23 07:37:04 PM - INFO - Epoch [80/100], Loss: 731.6748, DSC: 0.0092
02/23 07:37:18 PM - INFO - Epoch [81/100], Loss: 734.6928, DSC: 0.0111
02/23 07:37:31 PM - INFO - Epoch [82/100], Loss: 741.0290, DSC: 0.0133
02/23 07:37:46 PM - INFO - Epoch [83/100], Loss: 740.0850, DSC: 0.0103
02/23 07:38:00 PM - INFO - Epoch [84/100], Loss: 733.1429, DSC: 0.0108
02/23 07:38:14 PM - INFO - Epoch [85/100], Loss: 730.9721, DSC: 0.0108
02/23 07:38:28 PM - INFO - Epoch [86/100], Loss: 728.5881, DSC: 0.0105
02/23 07:38:42 PM - INFO - Epoch [87/100], Loss: 736.3590, DSC: 0.0083
02/23 07:38:55 PM - INFO - Epoch [88/100], Loss: 738.5318, DSC: 0.0094
02/23 07:39:09 PM - INFO - Epoch [89/100], Loss: 740.0132, DSC: 0.0134
02/23 07:39:23 PM - INFO - Epoch [90/100], Loss: 735.0773, DSC: 0.0115
02/23 07:39:37 PM - INFO - Epoch [91/100], Loss: 734.0821, DSC: 0.0085
02/23 07:39:51 PM - INFO - Epoch [92/100], Loss: 737.1881, DSC: 0.0098
02/23 07:40:05 PM - INFO - Epoch [93/100], Loss: 734.8247, DSC: 0.0098
02/23 07:40:19 PM - INFO - Epoch [94/100], Loss: 738.6903, DSC: 0.0102
02/23 07:40:34 PM - INFO - Epoch [95/100], Loss: 736.7664, DSC: 0.0124
02/23 07:40:48 PM - INFO - Epoch [96/100], Loss: 730.1284, DSC: 0.0142
02/23 07:41:02 PM - INFO - Epoch [97/100], Loss: 734.6436, DSC: 0.0123
02/23 07:41:16 PM - INFO - Epoch [98/100], Loss: 734.8084, DSC: 0.0109
02/23 07:41:30 PM - INFO - Epoch [99/100], Loss: 731.3806, DSC: 0.0146
02/23 07:41:44 PM - INFO - Epoch [100/100], Loss: 733.9684, DSC: 0.0119
02/23 07:41:48 PM - INFO - Training complete!
02/23 08:17:04 PM - INFO - Epoch [1/100], Loss: 761.8267, DSC: 0.0491
02/23 08:17:25 PM - INFO - Epoch [2/100], Loss: 757.8824, DSC: 0.0338
02/23 08:17:41 PM - INFO - Epoch [3/100], Loss: 755.9797, DSC: 0.0388
